<?xml version="1.0" encoding="UTF-8"?>
<testsuite name="CardGameTest" tests="1" skipped="0" failures="0" errors="0" timestamp="2022-03-20T12:57:44" hostname="DESKTOP-AN9MM31" time="1.326">
  <properties/>
  <testcase name="start" classname="CardGameTest" time="1.326"/>
  <system-out><![CDATA[?[1;31m
Start test 1?[0m
Indigo Card Game
Play first?
> yes
Initial cards on the table: Q♥ 3♦ 6♠ 9♥ 

4 cards on the table, and the top card is 9♥
Cards in hand:1)10♥ 2)Q♠ 3)3♥ 4)9♠ 5)A♦ 6)A♣ 
Choose a card to play (1-6):
> 1
Player wins cards
Score: Player 2 - Computer 0
Cards: Player 5 - Computer 0

No cards on the table
5♦ 7♦ 4♣ J♦ K♦ 8♥
Computer plays K♦

1 cards on the table, and the top card is K♦
Cards in hand:1)Q♠ 2)3♥ 3)9♠ 4)A♦ 5)A♣ 
Choose a card to play (1-5):
> 4
Player wins cards
Score: Player 4 - Computer 0
Cards: Player 7 - Computer 0

No cards on the table
5♦ 7♦ 4♣ J♦ 8♥
Computer plays 5♦

1 cards on the table, and the top card is 5♦
Cards in hand:1)Q♠ 2)3♥ 3)9♠ 4)A♣ 
Choose a card to play (1-4):
> 1

2 cards on the table, and the top card is Q♠
7♦ 4♣ J♦ 8♥
Computer plays J♦

3 cards on the table, and the top card is J♦
Cards in hand:1)3♥ 2)9♠ 3)A♣ 
Choose a card to play (1-3):
> 1

4 cards on the table, and the top card is 3♥
7♦ 4♣ 8♥
Computer plays 8♥
Computer wins cards
Score: Player 4 - Computer 2
Cards: Player 7 - Computer 5

No cards on the table
Cards in hand:1)9♠ 2)A♣ 
Choose a card to play (1-2):
> 1

1 cards on the table, and the top card is 9♠
7♦ 4♣
Computer plays 7♦

2 cards on the table, and the top card is 7♦
Cards in hand:1)A♣ 
Choose a card to play (1-1):
> 1

3 cards on the table, and the top card is A♣
4♣
Computer plays 4♣
Computer wins cards
Score: Player 4 - Computer 3
Cards: Player 7 - Computer 9

No cards on the table
Cards in hand:1)5♥ 2)8♣ 3)4♦ 4)K♥ 5)2♣ 6)2♠ 
Choose a card to play (1-6):
> 2

1 cards on the table, and the top card is 8♣
9♣ 3♣ 7♠ 6♦ 7♣ K♠
Computer plays 3♣
Computer wins cards
Score: Player 4 - Computer 3
Cards: Player 7 - Computer 11

No cards on the table
Cards in hand:1)5♥ 2)4♦ 3)K♥ 4)2♣ 5)2♠ 
Choose a card to play (1-5):
> 4

1 cards on the table, and the top card is 2♣
9♣ 7♠ 6♦ 7♣ K♠
Computer plays 7♣
Computer wins cards
Score: Player 4 - Computer 3
Cards: Player 7 - Computer 13

No cards on the table
Cards in hand:1)5♥ 2)4♦ 3)K♥ 4)2♠ 
Choose a card to play (1-4):
> 1

1 cards on the table, and the top card is 5♥
9♣ 7♠ 6♦ K♠
Computer plays K♠

2 cards on the table, and the top card is K♠
Cards in hand:1)4♦ 2)K♥ 3)2♠ 
Choose a card to play (1-3):
> 2
Player wins cards
Score: Player 6 - Computer 3
Cards: Player 10 - Computer 13

No cards on the table
9♣ 7♠ 6♦
Computer plays 7♠

1 cards on the table, and the top card is 7♠
Cards in hand:1)4♦ 2)2♠ 
Choose a card to play (1-2):
> 2
Player wins cards
Score: Player 6 - Computer 3
Cards: Player 12 - Computer 13

No cards on the table
9♣ 6♦
Computer plays 9♣

1 cards on the table, and the top card is 9♣
Cards in hand:1)4♦ 
Choose a card to play (1-1):
> 1

2 cards on the table, and the top card is 4♦
6♦
Computer plays 6♦
Computer wins cards
Score: Player 6 - Computer 3
Cards: Player 12 - Computer 16

No cards on the table
Cards in hand:1)6♥ 2)5♣ 3)8♠ 4)4♠ 5)Q♦ 6)Q♣ 
Choose a card to play (1-6):
> 1

1 cards on the table, and the top card is 6♥
8♦ J♥ K♣ 2♦ J♣ A♠
Computer plays J♥
Computer wins cards
Score: Player 6 - Computer 4
Cards: Player 12 - Computer 18

No cards on the table
Cards in hand:1)5♣ 2)8♠ 3)4♠ 4)Q♦ 5)Q♣ 
Choose a card to play (1-5):
> 2

1 cards on the table, and the top card is 8♠
8♦ K♣ 2♦ J♣ A♠
Computer plays 8♦
Computer wins cards
Score: Player 6 - Computer 4
Cards: Player 12 - Computer 20

No cards on the table
Cards in hand:1)5♣ 2)4♠ 3)Q♦ 4)Q♣ 
Choose a card to play (1-4):
> 3

1 cards on the table, and the top card is Q♦
K♣ 2♦ J♣ A♠
Computer plays 2♦
Computer wins cards
Score: Player 6 - Computer 5
Cards: Player 12 - Computer 22

No cards on the table
Cards in hand:1)5♣ 2)4♠ 3)Q♣ 
Choose a card to play (1-3):
> 1

1 cards on the table, and the top card is 5♣
K♣ J♣ A♠
Computer plays J♣
Computer wins cards
Score: Player 6 - Computer 6
Cards: Player 12 - Computer 24

No cards on the table
Cards in hand:1)4♠ 2)Q♣ 
Choose a card to play (1-2):
> 2

1 cards on the table, and the top card is Q♣
K♣ A♠
Computer plays K♣
Computer wins cards
Score: Player 6 - Computer 8
Cards: Player 12 - Computer 26

No cards on the table
Cards in hand:1)4♠ 
Choose a card to play (1-1):
> 1

1 cards on the table, and the top card is 4♠
A♠
Computer plays A♠
Computer wins cards
Score: Player 6 - Computer 9
Cards: Player 12 - Computer 28

No cards on the table
Cards in hand:1)3♠ 2)7♥ 3)6♣ 4)J♠ 5)9♦ 6)2♥ 
Choose a card to play (1-6):
> 1

1 cards on the table, and the top card is 3♠
10♠ 5♠ 10♣ 10♦ A♥ 4♥
Computer plays 5♠
Computer wins cards
Score: Player 6 - Computer 9
Cards: Player 12 - Computer 30

No cards on the table
Cards in hand:1)7♥ 2)6♣ 3)J♠ 4)9♦ 5)2♥ 
Choose a card to play (1-5):
> 3

1 cards on the table, and the top card is J♠
10♠ 10♣ 10♦ A♥ 4♥
Computer plays 10♠
Computer wins cards
Score: Player 6 - Computer 11
Cards: Player 12 - Computer 32

No cards on the table
Cards in hand:1)7♥ 2)6♣ 3)9♦ 4)2♥ 
Choose a card to play (1-4):
> 1

1 cards on the table, and the top card is 7♥
10♣ 10♦ A♥ 4♥
Computer plays 4♥
Computer wins cards
Score: Player 6 - Computer 11
Cards: Player 12 - Computer 34

No cards on the table
Cards in hand:1)6♣ 2)9♦ 3)2♥ 
Choose a card to play (1-3):
> 3

1 cards on the table, and the top card is 2♥
10♣ 10♦ A♥
Computer plays A♥
Computer wins cards
Score: Player 6 - Computer 12
Cards: Player 12 - Computer 36

No cards on the table
Cards in hand:1)6♣ 2)9♦ 
Choose a card to play (1-2):
> 1

1 cards on the table, and the top card is 6♣
10♣ 10♦
Computer plays 10♣
Computer wins cards
Score: Player 6 - Computer 13
Cards: Player 12 - Computer 38

No cards on the table
Cards in hand:1)9♦ 
Choose a card to play (1-1):
> 1

1 cards on the table, and the top card is 9♦
10♦
Computer plays 10♦
Computer wins cards
Score: Player 6 - Computer 14
Cards: Player 12 - Computer 40

No cards on the table
Score: Player 6 - Computer 17
Cards: Player 12 - Computer 40
Game Over
Indigo Card Game
Play first?
> yes
Initial cards on the table: J♣ A♥ 4♦ 6♣ 

4 cards on the table, and the top card is 6♣
Cards in hand:1)9♣ 2)2♣ 3)10♦ 4)Q♣ 5)4♥ 6)Q♦ 
Choose a card to play (1-6):
> 1
Player wins cards
Score: Player 2 - Computer 0
Cards: Player 5 - Computer 0

No cards on the table
K♥ 4♠ 8♠ 7♣ 2♦ 3♥
Computer plays 4♠

1 cards on the table, and the top card is 4♠
Cards in hand:1)2♣ 2)10♦ 3)Q♣ 4)4♥ 5)Q♦ 
Choose a card to play (1-5):
> 4
Player wins cards
Score: Player 2 - Computer 0
Cards: Player 7 - Computer 0

No cards on the table
K♥ 8♠ 7♣ 2♦ 3♥
Computer plays K♥

1 cards on the table, and the top card is K♥
Cards in hand:1)2♣ 2)10♦ 3)Q♣ 4)Q♦ 
Choose a card to play (1-4):
> 2

2 cards on the table, and the top card is 10♦
8♠ 7♣ 2♦ 3♥
Computer plays 2♦
Computer wins cards
Score: Player 2 - Computer 2
Cards: Player 7 - Computer 3

No cards on the table
Cards in hand:1)2♣ 2)Q♣ 3)Q♦ 
Choose a card to play (1-3):
> 1

1 cards on the table, and the top card is 2♣
8♠ 7♣ 3♥
Computer plays 7♣
Computer wins cards
Score: Player 2 - Computer 2
Cards: Player 7 - Computer 5

No cards on the table
Cards in hand:1)Q♣ 2)Q♦ 
Choose a card to play (1-2):
> 1

1 cards on the table, and the top card is Q♣
8♠ 3♥
Computer plays 8♠

2 cards on the table, and the top card is 8♠
Cards in hand:1)Q♦ 
Choose a card to play (1-1):
> 1

3 cards on the table, and the top card is Q♦
3♥
Computer plays 3♥

4 cards on the table, and the top card is 3♥
Cards in hand:1)A♣ 2)6♠ 3)6♦ 4)9♦ 5)10♠ 6)5♦ 
Choose a card to play (1-6):
> 2

5 cards on the table, and the top card is 6♠
3♠ 7♠ J♦ 2♥ K♣ Q♥
Computer plays 7♠
Computer wins cards
Score: Player 2 - Computer 4
Cards: Player 7 - Computer 11

No cards on the table
Cards in hand:1)A♣ 2)6♦ 3)9♦ 4)10♠ 5)5♦ 
Choose a card to play (1-5):
> 4

1 cards on the table, and the top card is 10♠
3♠ J♦ 2♥ K♣ Q♥
Computer plays 3♠
Computer wins cards
Score: Player 2 - Computer 5
Cards: Player 7 - Computer 13

No cards on the table
Cards in hand:1)A♣ 2)6♦ 3)9♦ 4)5♦ 
Choose a card to play (1-4):
> 2

1 cards on the table, and the top card is 6♦
J♦ 2♥ K♣ Q♥
Computer plays J♦
Computer wins cards
Score: Player 2 - Computer 6
Cards: Player 7 - Computer 15

No cards on the table
Cards in hand:1)A♣ 2)9♦ 3)5♦ 
Choose a card to play (1-3):
> 2

1 cards on the table, and the top card is 9♦
2♥ K♣ Q♥
Computer plays Q♥

2 cards on the table, and the top card is Q♥
Cards in hand:1)A♣ 2)5♦ 
Choose a card to play (1-2):
> 1

3 cards on the table, and the top card is A♣
2♥ K♣
Computer plays K♣
Computer wins cards
Score: Player 2 - Computer 9
Cards: Player 7 - Computer 19

No cards on the table
Cards in hand:1)5♦ 
Choose a card to play (1-1):
> 1

1 cards on the table, and the top card is 5♦
2♥
Computer plays 2♥

2 cards on the table, and the top card is 2♥
Cards in hand:1)9♠ 2)10♣ 3)7♥ 4)5♣ 5)A♦ 6)6♥ 
Choose a card to play (1-6):
> 3
Player wins cards
Score: Player 2 - Computer 9
Cards: Player 10 - Computer 19

No cards on the table
3♣ 3♦ 8♥ 2♠ 9♥ K♦
Computer plays K♦

1 cards on the table, and the top card is K♦
Cards in hand:1)9♠ 2)10♣ 3)5♣ 4)A♦ 5)6♥ 
Choose a card to play (1-5):
> 4
Player wins cards
Score: Player 4 - Computer 9
Cards: Player 12 - Computer 19

No cards on the table
3♣ 3♦ 8♥ 2♠ 9♥
Computer plays 8♥

1 cards on the table, and the top card is 8♥
Cards in hand:1)9♠ 2)10♣ 3)5♣ 4)6♥ 
Choose a card to play (1-4):
> 4
Player wins cards
Score: Player 4 - Computer 9
Cards: Player 14 - Computer 19

No cards on the table
3♣ 3♦ 2♠ 9♥
Computer plays 3♣

1 cards on the table, and the top card is 3♣
Cards in hand:1)9♠ 2)10♣ 3)5♣ 
Choose a card to play (1-3):
> 2
Player wins cards
Score: Player 5 - Computer 9
Cards: Player 16 - Computer 19

No cards on the table
3♦ 2♠ 9♥
Computer plays 2♠

1 cards on the table, and the top card is 2♠
Cards in hand:1)9♠ 2)5♣ 
Choose a card to play (1-2):
> 1
Player wins cards
Score: Player 5 - Computer 9
Cards: Player 18 - Computer 19

No cards on the table
3♦ 9♥
Computer plays 3♦

1 cards on the table, and the top card is 3♦
Cards in hand:1)5♣ 
Choose a card to play (1-1):
> 1

2 cards on the table, and the top card is 5♣
9♥
Computer plays 9♥

3 cards on the table, and the top card is 9♥
Cards in hand:1)K♠ 2)5♠ 3)10♥ 4)5♥ 5)8♦ 6)4♣ 
Choose a card to play (1-6):
> 3
Player wins cards
Score: Player 6 - Computer 9
Cards: Player 22 - Computer 19

No cards on the table
J♠ Q♠ A♠ J♥ 7♦ 8♣
Computer plays J♠

1 cards on the table, and the top card is J♠
Cards in hand:1)K♠ 2)5♠ 3)5♥ 4)8♦ 5)4♣ 
Choose a card to play (1-5):
> 1
Player wins cards
Score: Player 8 - Computer 9
Cards: Player 24 - Computer 19

No cards on the table
Q♠ A♠ J♥ 7♦ 8♣
Computer plays Q♠

1 cards on the table, and the top card is Q♠
Cards in hand:1)5♠ 2)5♥ 3)8♦ 4)4♣ 
Choose a card to play (1-4):
> 1
Player wins cards
Score: Player 9 - Computer 9
Cards: Player 26 - Computer 19

No cards on the table
A♠ J♥ 7♦ 8♣
Computer plays A♠

1 cards on the table, and the top card is A♠
Cards in hand:1)5♥ 2)8♦ 3)4♣ 
Choose a card to play (1-3):
> 1

2 cards on the table, and the top card is 5♥
J♥ 7♦ 8♣
Computer plays J♥
Computer wins cards
Score: Player 9 - Computer 11
Cards: Player 26 - Computer 22

No cards on the table
Cards in hand:1)8♦ 2)4♣ 
Choose a card to play (1-2):
> 1

1 cards on the table, and the top card is 8♦
7♦ 8♣
Computer plays 7♦
Computer wins cards
Score: Player 9 - Computer 11
Cards: Player 26 - Computer 24

No cards on the table
Cards in hand:1)4♣ 
Choose a card to play (1-1):
> 1

1 cards on the table, and the top card is 4♣
8♣
Computer plays 8♣
Computer wins cards
Score: Player 9 - Computer 11
Cards: Player 26 - Computer 26

No cards on the table
Score: Player 12 - Computer 11
Cards: Player 26 - Computer 26
Game Over
Indigo Card Game
Play first?
> yes
Initial cards on the table: 2♠ 3♦ J♦ 10♥ 

4 cards on the table, and the top card is 10♥
Cards in hand:1)A♦ 2)5♠ 3)5♣ 4)2♣ 5)4♥ 6)8♠ 
Choose a card to play (1-6):
> 5
Player wins cards
Score: Player 2 - Computer 0
Cards: Player 5 - Computer 0

No cards on the table
Q♥ 7♠ A♠ J♣ 6♠ 8♥
Computer plays A♠

1 cards on the table, and the top card is A♠
Cards in hand:1)A♦ 2)5♠ 3)5♣ 4)2♣ 5)8♠ 
Choose a card to play (1-5):
> 2
Player wins cards
Score: Player 3 - Computer 0
Cards: Player 7 - Computer 0

No cards on the table
Q♥ 7♠ J♣ 6♠ 8♥
Computer plays Q♥

1 cards on the table, and the top card is Q♥
Cards in hand:1)A♦ 2)5♣ 3)2♣ 4)8♠ 
Choose a card to play (1-4):
> 2

2 cards on the table, and the top card is 5♣
7♠ J♣ 6♠ 8♥
Computer plays J♣
Computer wins cards
Score: Player 3 - Computer 2
Cards: Player 7 - Computer 3

No cards on the table
Cards in hand:1)A♦ 2)2♣ 3)8♠ 
Choose a card to play (1-3):
> 2

1 cards on the table, and the top card is 2♣
7♠ 6♠ 8♥
Computer plays 6♠

2 cards on the table, and the top card is 6♠
Cards in hand:1)A♦ 2)8♠ 
Choose a card to play (1-2):
> 2
Player wins cards
Score: Player 3 - Computer 2
Cards: Player 10 - Computer 3

No cards on the table
7♠ 8♥
Computer plays 7♠

1 cards on the table, and the top card is 7♠
Cards in hand:1)A♦ 
Choose a card to play (1-1):
> 1

2 cards on the table, and the top card is A♦
8♥
Computer plays 8♥

3 cards on the table, and the top card is 8♥
Cards in hand:1)9♦ 2)7♣ 3)Q♠ 4)K♣ 5)J♥ 6)5♥ 
Choose a card to play (1-6):
> 5
Player wins cards
Score: Player 5 - Computer 2
Cards: Player 14 - Computer 3

No cards on the table
6♥ 3♥ 4♦ 10♠ 7♥ 6♣
Computer plays 6♥

1 cards on the table, and the top card is 6♥
Cards in hand:1)9♦ 2)7♣ 3)Q♠ 4)K♣ 5)5♥ 
Choose a card to play (1-5):
> 5
Player wins cards
Score: Player 5 - Computer 2
Cards: Player 16 - Computer 3

No cards on the table
3♥ 4♦ 10♠ 7♥ 6♣
Computer plays 3♥

1 cards on the table, and the top card is 3♥
Cards in hand:1)9♦ 2)7♣ 3)Q♠ 4)K♣ 
Choose a card to play (1-4):
> 2

2 cards on the table, and the top card is 7♣
4♦ 10♠ 7♥ 6♣
Computer plays 7♥
Computer wins cards
Score: Player 5 - Computer 2
Cards: Player 16 - Computer 6

No cards on the table
Cards in hand:1)9♦ 2)Q♠ 3)K♣ 
Choose a card to play (1-3):
> 1

1 cards on the table, and the top card is 9♦
4♦ 10♠ 6♣
Computer plays 4♦
Computer wins cards
Score: Player 5 - Computer 2
Cards: Player 16 - Computer 8

No cards on the table
Cards in hand:1)Q♠ 2)K♣ 
Choose a card to play (1-2):
> 1

1 cards on the table, and the top card is Q♠
10♠ 6♣
Computer plays 10♠
Computer wins cards
Score: Player 5 - Computer 4
Cards: Player 16 - Computer 10

No cards on the table
Cards in hand:1)K♣ 
Choose a card to play (1-1):
> 1

1 cards on the table, and the top card is K♣
6♣
Computer plays 6♣
Computer wins cards
Score: Player 5 - Computer 5
Cards: Player 16 - Computer 12

No cards on the table
Cards in hand:1)4♣ 2)3♣ 3)K♥ 4)9♣ 5)8♦ 6)A♣ 
Choose a card to play (1-6):
> 1

1 cards on the table, and the top card is 4♣
K♦ Q♦ 8♣ 2♥ 2♦ 9♥
Computer plays 8♣
Computer wins cards
Score: Player 5 - Computer 5
Cards: Player 16 - Computer 14

No cards on the table
Cards in hand:1)3♣ 2)K♥ 3)9♣ 4)8♦ 5)A♣ 
Choose a card to play (1-5):
> 1

1 cards on the table, and the top card is 3♣
K♦ Q♦ 2♥ 2♦ 9♥
Computer plays K♦

2 cards on the table, and the top card is K♦
Cards in hand:1)K♥ 2)9♣ 3)8♦ 4)A♣ 
Choose a card to play (1-4):
> 1
Player wins cards
Score: Player 7 - Computer 5
Cards: Player 19 - Computer 14

No cards on the table
Q♦ 2♥ 2♦ 9♥
Computer plays 2♥

1 cards on the table, and the top card is 2♥
Cards in hand:1)9♣ 2)8♦ 3)A♣ 
Choose a card to play (1-3):
> 1

2 cards on the table, and the top card is 9♣
Q♦ 2♦ 9♥
Computer plays 9♥
Computer wins cards
Score: Player 7 - Computer 5
Cards: Player 19 - Computer 17

No cards on the table
Cards in hand:1)8♦ 2)A♣ 
Choose a card to play (1-2):
> 1

1 cards on the table, and the top card is 8♦
Q♦ 2♦
Computer plays 2♦
Computer wins cards
Score: Player 7 - Computer 5
Cards: Player 19 - Computer 19

No cards on the table
Cards in hand:1)A♣ 
Choose a card to play (1-1):
> 1

1 cards on the table, and the top card is A♣
Q♦
Computer plays Q♦

2 cards on the table, and the top card is Q♦
Cards in hand:1)J♠ 2)10♦ 3)Q♣ 4)5♦ 5)7♦ 6)4♠ 
Choose a card to play (1-6):
> 2
Player wins cards
Score: Player 10 - Computer 5
Cards: Player 22 - Computer 19

No cards on the table
10♣ 6♦ 9♠ K♠ 3♠ A♥
Computer plays 9♠

1 cards on the table, and the top card is 9♠
Cards in hand:1)J♠ 2)Q♣ 3)5♦ 4)7♦ 5)4♠ 
Choose a card to play (1-5):
> 1
Player wins cards
Score: Player 11 - Computer 5
Cards: Player 24 - Computer 19

No cards on the table
10♣ 6♦ K♠ 3♠ A♥
Computer plays K♠

1 cards on the table, and the top card is K♠
Cards in hand:1)Q♣ 2)5♦ 3)7♦ 4)4♠ 
Choose a card to play (1-4):
> 4
Player wins cards
Score: Player 12 - Computer 5
Cards: Player 26 - Computer 19

No cards on the table
10♣ 6♦ 3♠ A♥
Computer plays 10♣

1 cards on the table, and the top card is 10♣
Cards in hand:1)Q♣ 2)5♦ 3)7♦ 
Choose a card to play (1-3):
> 1
Player wins cards
Score: Player 14 - Computer 5
Cards: Player 28 - Computer 19

No cards on the table
6♦ 3♠ A♥
Computer plays 6♦

1 cards on the table, and the top card is 6♦
Cards in hand:1)5♦ 2)7♦ 
Choose a card to play (1-2):
> 1
Player wins cards
Score: Player 14 - Computer 5
Cards: Player 30 - Computer 19

No cards on the table
3♠ A♥
Computer plays 3♠

1 cards on the table, and the top card is 3♠
Cards in hand:1)7♦ 
Choose a card to play (1-1):
> 1

2 cards on the table, and the top card is 7♦
A♥
Computer plays A♥

3 cards on the table, and the top card is A♥
Score: Player 18 - Computer 5
Cards: Player 33 - Computer 19
Game Over
Indigo Card Game
Play first?
> yes
Initial cards on the table: 5♥ 8♥ 9♣ 7♦ 

4 cards on the table, and the top card is 7♦
Cards in hand:1)K♣ 2)6♦ 3)J♠ 4)K♦ 5)5♣ 6)8♣ 
Choose a card to play (1-6):
> 2
Player wins cards
Score: Player 0 - Computer 0
Cards: Player 5 - Computer 0

No cards on the table
7♠ K♠ 6♠ A♣ A♦ J♣
Computer plays 7♠

1 cards on the table, and the top card is 7♠
Cards in hand:1)K♣ 2)J♠ 3)K♦ 4)5♣ 5)8♣ 
Choose a card to play (1-5):
> 2
Player wins cards
Score: Player 1 - Computer 0
Cards: Player 7 - Computer 0

No cards on the table
K♠ 6♠ A♣ A♦ J♣
Computer plays A♣

1 cards on the table, and the top card is A♣
Cards in hand:1)K♣ 2)K♦ 3)5♣ 4)8♣ 
Choose a card to play (1-4):
> 1
Player wins cards
Score: Player 3 - Computer 0
Cards: Player 9 - Computer 0

No cards on the table
K♠ 6♠ A♦ J♣
Computer plays K♠

1 cards on the table, and the top card is K♠
Cards in hand:1)K♦ 2)5♣ 3)8♣ 
Choose a card to play (1-3):
> 1
Player wins cards
Score: Player 5 - Computer 0
Cards: Player 11 - Computer 0

No cards on the table
6♠ A♦ J♣
Computer plays A♦

1 cards on the table, and the top card is A♦
Cards in hand:1)5♣ 2)8♣ 
Choose a card to play (1-2):
> 1

2 cards on the table, and the top card is 5♣
6♠ J♣
Computer plays J♣
Computer wins cards
Score: Player 5 - Computer 2
Cards: Player 11 - Computer 3

No cards on the table
Cards in hand:1)8♣ 
Choose a card to play (1-1):
> 1

1 cards on the table, and the top card is 8♣
6♠
Computer plays 6♠

2 cards on the table, and the top card is 6♠
Cards in hand:1)Q♠ 2)2♠ 3)2♣ 4)8♦ 5)3♠ 6)5♠ 
Choose a card to play (1-6):
> 1
Player wins cards
Score: Player 6 - Computer 2
Cards: Player 14 - Computer 3

No cards on the table
5♦ 3♦ 7♥ 9♥ 2♦ 3♥
Computer plays 5♦

1 cards on the table, and the top card is 5♦
Cards in hand:1)2♠ 2)2♣ 3)8♦ 4)3♠ 5)5♠ 
Choose a card to play (1-5):
> 3
Player wins cards
Score: Player 6 - Computer 2
Cards: Player 16 - Computer 3

No cards on the table
3♦ 7♥ 9♥ 2♦ 3♥
Computer plays 9♥

1 cards on the table, and the top card is 9♥
Cards in hand:1)2♠ 2)2♣ 3)3♠ 4)5♠ 
Choose a card to play (1-4):
> 1

2 cards on the table, and the top card is 2♠
3♦ 7♥ 2♦ 3♥
Computer plays 2♦
Computer wins cards
Score: Player 6 - Computer 2
Cards: Player 16 - Computer 6

No cards on the table
Cards in hand:1)2♣ 2)3♠ 3)5♠ 
Choose a card to play (1-3):
> 1

1 cards on the table, and the top card is 2♣
3♦ 7♥ 3♥
Computer plays 3♥

2 cards on the table, and the top card is 3♥
Cards in hand:1)3♠ 2)5♠ 
Choose a card to play (1-2):
> 1
Player wins cards
Score: Player 6 - Computer 2
Cards: Player 19 - Computer 6

No cards on the table
3♦ 7♥
Computer plays 3♦

1 cards on the table, and the top card is 3♦
Cards in hand:1)5♠ 
Choose a card to play (1-1):
> 1

2 cards on the table, and the top card is 5♠
7♥
Computer plays 7♥

3 cards on the table, and the top card is 7♥
Cards in hand:1)Q♥ 2)6♣ 3)4♣ 4)7♣ 5)4♥ 6)4♠ 
Choose a card to play (1-6):
> 1
Player wins cards
Score: Player 7 - Computer 2
Cards: Player 23 - Computer 6

No cards on the table
4♦ 10♦ K♥ A♥ 10♥ J♦
Computer plays K♥

1 cards on the table, and the top card is K♥
Cards in hand:1)6♣ 2)4♣ 3)7♣ 4)4♥ 5)4♠ 
Choose a card to play (1-5):
> 4
Player wins cards
Score: Player 8 - Computer 2
Cards: Player 25 - Computer 6

No cards on the table
4♦ 10♦ A♥ 10♥ J♦
Computer plays 4♦

1 cards on the table, and the top card is 4♦
Cards in hand:1)6♣ 2)4♣ 3)7♣ 4)4♠ 
Choose a card to play (1-4):
> 2
Player wins cards
Score: Player 8 - Computer 2
Cards: Player 27 - Computer 6

No cards on the table
10♦ A♥ 10♥ J♦
Computer plays J♦

1 cards on the table, and the top card is J♦
Cards in hand:1)6♣ 2)7♣ 3)4♠ 
Choose a card to play (1-3):
> 1

2 cards on the table, and the top card is 6♣
10♦ A♥ 10♥
Computer plays 10♥

3 cards on the table, and the top card is 10♥
Cards in hand:1)7♣ 2)4♠ 
Choose a card to play (1-2):
> 1

4 cards on the table, and the top card is 7♣
10♦ A♥
Computer plays 10♦

5 cards on the table, and the top card is 10♦
Cards in hand:1)4♠ 
Choose a card to play (1-1):
> 1

6 cards on the table, and the top card is 4♠
A♥
Computer plays A♥

7 cards on the table, and the top card is A♥
Cards in hand:1)3♣ 2)6♥ 3)9♠ 4)2♥ 5)9♦ 6)Q♣ 
Choose a card to play (1-6):
> 2
Player wins cards
Score: Player 12 - Computer 2
Cards: Player 35 - Computer 6

No cards on the table
A♠ Q♦ 10♠ 8♠ 10♣ J♥
Computer plays 8♠

1 cards on the table, and the top card is 8♠
Cards in hand:1)3♣ 2)9♠ 3)2♥ 4)9♦ 5)Q♣ 
Choose a card to play (1-5):
> 2
Player wins cards
Score: Player 12 - Computer 2
Cards: Player 37 - Computer 6

No cards on the table
A♠ Q♦ 10♠ 10♣ J♥
Computer plays A♠

1 cards on the table, and the top card is A♠
Cards in hand:1)3♣ 2)2♥ 3)9♦ 4)Q♣ 
Choose a card to play (1-4):
> 1

2 cards on the table, and the top card is 3♣
Q♦ 10♠ 10♣ J♥
Computer plays 10♣
Computer wins cards
Score: Player 12 - Computer 4
Cards: Player 37 - Computer 9

No cards on the table
Cards in hand:1)2♥ 2)9♦ 3)Q♣ 
Choose a card to play (1-3):
> 3

1 cards on the table, and the top card is Q♣
Q♦ 10♠ J♥
Computer plays Q♦
Computer wins cards
Score: Player 12 - Computer 6
Cards: Player 37 - Computer 11

No cards on the table
Cards in hand:1)2♥ 2)9♦ 
Choose a card to play (1-2):
> 2

1 cards on the table, and the top card is 9♦
10♠ J♥
Computer plays 10♠

2 cards on the table, and the top card is 10♠
Cards in hand:1)2♥ 
Choose a card to play (1-1):
> 1

3 cards on the table, and the top card is 2♥
J♥
Computer plays J♥
Computer wins cards
Score: Player 12 - Computer 8
Cards: Player 37 - Computer 15

No cards on the table
Score: Player 15 - Computer 8
Cards: Player 37 - Computer 15
Game Over
Indigo Card Game
Play first?
> yes
Initial cards on the table: 3♠ K♦ J♣ Q♠ 

4 cards on the table, and the top card is Q♠
Cards in hand:1)10♣ 2)A♠ 3)J♥ 4)2♥ 5)8♣ 6)A♣ 
Choose a card to play (1-6):
> 2
Player wins cards
Score: Player 4 - Computer 0
Cards: Player 5 - Computer 0

No cards on the table
7♠ 8♠ Q♦ 5♣ 4♠ 7♥
Computer plays 7♠

1 cards on the table, and the top card is 7♠
Cards in hand:1)10♣ 2)J♥ 3)2♥ 4)8♣ 5)A♣ 
Choose a card to play (1-5):
> 2

2 cards on the table, and the top card is J♥
8♠ Q♦ 5♣ 4♠ 7♥
Computer plays 7♥
Computer wins cards
Score: Player 4 - Computer 1
Cards: Player 5 - Computer 3

No cards on the table
Cards in hand:1)10♣ 2)2♥ 3)8♣ 4)A♣ 
Choose a card to play (1-4):
> 2

1 cards on the table, and the top card is 2♥
8♠ Q♦ 5♣ 4♠
Computer plays 4♠

2 cards on the table, and the top card is 4♠
Cards in hand:1)10♣ 2)8♣ 3)A♣ 
Choose a card to play (1-3):
> 1

3 cards on the table, and the top card is 10♣
8♠ Q♦ 5♣
Computer plays 5♣
Computer wins cards
Score: Player 4 - Computer 2
Cards: Player 5 - Computer 7

No cards on the table
Cards in hand:1)8♣ 2)A♣ 
Choose a card to play (1-2):
> 1

1 cards on the table, and the top card is 8♣
8♠ Q♦
Computer plays 8♠
Computer wins cards
Score: Player 4 - Computer 2
Cards: Player 5 - Computer 9

No cards on the table
Cards in hand:1)A♣ 
Choose a card to play (1-1):
> 1

1 cards on the table, and the top card is A♣
Q♦
Computer plays Q♦

2 cards on the table, and the top card is Q♦
Cards in hand:1)9♦ 2)Q♣ 3)6♦ 4)5♠ 5)8♦ 6)3♦ 
Choose a card to play (1-6):
> 1
Player wins cards
Score: Player 6 - Computer 2
Cards: Player 8 - Computer 9

No cards on the table
4♥ A♥ 7♣ 2♠ 6♠ 3♣
Computer plays 7♣

1 cards on the table, and the top card is 7♣
Cards in hand:1)Q♣ 2)6♦ 3)5♠ 4)8♦ 5)3♦ 
Choose a card to play (1-5):
> 1
Player wins cards
Score: Player 7 - Computer 2
Cards: Player 10 - Computer 9

No cards on the table
4♥ A♥ 2♠ 6♠ 3♣
Computer plays 4♥

1 cards on the table, and the top card is 4♥
Cards in hand:1)6♦ 2)5♠ 3)8♦ 4)3♦ 
Choose a card to play (1-4):
> 1

2 cards on the table, and the top card is 6♦
A♥ 2♠ 6♠ 3♣
Computer plays 6♠
Computer wins cards
Score: Player 7 - Computer 2
Cards: Player 10 - Computer 12

No cards on the table
Cards in hand:1)5♠ 2)8♦ 3)3♦ 
Choose a card to play (1-3):
> 1

1 cards on the table, and the top card is 5♠
A♥ 2♠ 3♣
Computer plays 2♠
Computer wins cards
Score: Player 7 - Computer 2
Cards: Player 10 - Computer 14

No cards on the table
Cards in hand:1)8♦ 2)3♦ 
Choose a card to play (1-2):
> 1

1 cards on the table, and the top card is 8♦
A♥ 3♣
Computer plays A♥

2 cards on the table, and the top card is A♥
Cards in hand:1)3♦ 
Choose a card to play (1-1):
> 1

3 cards on the table, and the top card is 3♦
3♣
Computer plays 3♣
Computer wins cards
Score: Player 7 - Computer 3
Cards: Player 10 - Computer 18

No cards on the table
Cards in hand:1)2♣ 2)5♦ 3)J♦ 4)J♠ 5)3♥ 6)6♣ 
Choose a card to play (1-6):
> 1

1 cards on the table, and the top card is 2♣
10♥ 10♠ 4♣ 5♥ 10♦ K♣
Computer plays K♣
Computer wins cards
Score: Player 7 - Computer 4
Cards: Player 10 - Computer 20

No cards on the table
Cards in hand:1)5♦ 2)J♦ 3)J♠ 4)3♥ 5)6♣ 
Choose a card to play (1-5):
> 5

1 cards on the table, and the top card is 6♣
10♥ 10♠ 4♣ 5♥ 10♦
Computer plays 4♣
Computer wins cards
Score: Player 7 - Computer 4
Cards: Player 10 - Computer 22

No cards on the table
Cards in hand:1)5♦ 2)J♦ 3)J♠ 4)3♥ 
Choose a card to play (1-4):
> 1

1 cards on the table, and the top card is 5♦
10♥ 10♠ 5♥ 10♦
Computer plays 5♥
Computer wins cards
Score: Player 7 - Computer 4
Cards: Player 10 - Computer 24

No cards on the table
Cards in hand:1)J♦ 2)J♠ 3)3♥ 
Choose a card to play (1-3):
> 3

1 cards on the table, and the top card is 3♥
10♥ 10♠ 10♦
Computer plays 10♥
Computer wins cards
Score: Player 7 - Computer 5
Cards: Player 10 - Computer 26

No cards on the table
Cards in hand:1)J♦ 2)J♠ 
Choose a card to play (1-2):
> 1

1 cards on the table, and the top card is J♦
10♠ 10♦
Computer plays 10♦
Computer wins cards
Score: Player 7 - Computer 7
Cards: Player 10 - Computer 28

No cards on the table
Cards in hand:1)J♠ 
Choose a card to play (1-1):
> 1

1 cards on the table, and the top card is J♠
10♠
Computer plays 10♠
Computer wins cards
Score: Player 7 - Computer 9
Cards: Player 10 - Computer 30

No cards on the table
Cards in hand:1)9♥ 2)K♥ 3)6♥ 4)8♥ 5)9♠ 6)7♦ 
Choose a card to play (1-6):
> 5

1 cards on the table, and the top card is 9♠
4♦ K♠ A♦ 2♦ Q♥ 9♣
Computer plays K♠
Computer wins cards
Score: Player 7 - Computer 10
Cards: Player 10 - Computer 32

No cards on the table
Cards in hand:1)9♥ 2)K♥ 3)6♥ 4)8♥ 5)7♦ 
Choose a card to play (1-5):
> 2

1 cards on the table, and the top card is K♥
4♦ A♦ 2♦ Q♥ 9♣
Computer plays Q♥
Computer wins cards
Score: Player 7 - Computer 12
Cards: Player 10 - Computer 34

No cards on the table
Cards in hand:1)9♥ 2)6♥ 3)8♥ 4)7♦ 
Choose a card to play (1-4):
> 1

1 cards on the table, and the top card is 9♥
4♦ A♦ 2♦ 9♣
Computer plays 9♣
Computer wins cards
Score: Player 7 - Computer 12
Cards: Player 10 - Computer 36

No cards on the table
Cards in hand:1)6♥ 2)8♥ 3)7♦ 
Choose a card to play (1-3):
> 1

1 cards on the table, and the top card is 6♥
4♦ A♦ 2♦
Computer plays 2♦

2 cards on the table, and the top card is 2♦
Cards in hand:1)8♥ 2)7♦ 
Choose a card to play (1-2):
> 2
Player wins cards
Score: Player 7 - Computer 12
Cards: Player 13 - Computer 36

No cards on the table
4♦ A♦
Computer plays 4♦

1 cards on the table, and the top card is 4♦
Cards in hand:1)8♥ 
Choose a card to play (1-1):
> 1

2 cards on the table, and the top card is 8♥
A♦
Computer plays A♦

3 cards on the table, and the top card is A♦
Score: Player 8 - Computer 15
Cards: Player 16 - Computer 36
Game Over
?[1;31m
Start test 2?[0m
Indigo Card Game
Play first?
> Hello
Play first?
> me
Play first?
> 0
Play first?
> play
Play first?
> yes
Initial cards on the table: A♠ K♦ 8♠ 5♥ 

4 cards on the table, and the top card is 5♥
Cards in hand:1)J♥ 2)2♣ 3)7♣ 4)5♣ 5)6♠ 6)J♦ 
Choose a card to play (1-6):
> exit
Game Over
?[1;31m
Start test 3?[0m
Indigo Card Game
Play first?
> no
Initial cards on the table: 7♣ 6♦ J♦ K♥ 

4 cards on the table, and the top card is K♥
10♣ 8♠ 3♠ 9♣ 3♥ K♣
Computer plays 3♥
Computer wins cards
Score: Player 0 - Computer 2
Cards: Player 0 - Computer 5

No cards on the table
Cards in hand:1)8♣ 2)8♦ 3)2♠ 4)A♠ 5)6♣ 6)Q♦ 
Choose a card to play (1-6):
> 3

1 cards on the table, and the top card is 2♠
10♣ 8♠ 3♠ 9♣ K♣
Computer plays 3♠
Computer wins cards
Score: Player 0 - Computer 2
Cards: Player 0 - Computer 7

No cards on the table
Cards in hand:1)8♣ 2)8♦ 3)A♠ 4)6♣ 5)Q♦ 
Choose a card to play (1-5):
> 2

1 cards on the table, and the top card is 8♦
10♣ 8♠ 9♣ K♣
Computer plays 8♠
Computer wins cards
Score: Player 0 - Computer 2
Cards: Player 0 - Computer 9

No cards on the table
Cards in hand:1)8♣ 2)A♠ 3)6♣ 4)Q♦ 
Choose a card to play (1-4):
> 1

1 cards on the table, and the top card is 8♣
10♣ 9♣ K♣
Computer plays 9♣
Computer wins cards
Score: Player 0 - Computer 2
Cards: Player 0 - Computer 11

No cards on the table
Cards in hand:1)A♠ 2)6♣ 3)Q♦ 
Choose a card to play (1-3):
> 1

1 cards on the table, and the top card is A♠
10♣ K♣
Computer plays K♣

2 cards on the table, and the top card is K♣
Cards in hand:1)6♣ 2)Q♦ 
Choose a card to play (1-2):
> 1
Player wins cards
Score: Player 2 - Computer 2
Cards: Player 3 - Computer 11

No cards on the table
10♣
Computer plays 10♣

1 cards on the table, and the top card is 10♣
Cards in hand:1)Q♦ 
Choose a card to play (1-1):
> 1

2 cards on the table, and the top card is Q♦
2♥ 4♣ 6♠ 6♥ J♥ A♦
Computer plays A♦
Computer wins cards
Score: Player 2 - Computer 5
Cards: Player 3 - Computer 14

No cards on the table
Cards in hand:1)2♦ 2)J♠ 3)9♦ 4)Q♠ 5)10♦ 6)4♦ 
Choose a card to play (1-6):
> 2

1 cards on the table, and the top card is J♠
2♥ 4♣ 6♠ 6♥ J♥
Computer plays 6♠
Computer wins cards
Score: Player 2 - Computer 6
Cards: Player 3 - Computer 16

No cards on the table
Cards in hand:1)2♦ 2)9♦ 3)Q♠ 4)10♦ 5)4♦ 
Choose a card to play (1-5):
> 1

1 cards on the table, and the top card is 2♦
2♥ 4♣ 6♥ J♥
Computer plays 2♥
Computer wins cards
Score: Player 2 - Computer 6
Cards: Player 3 - Computer 18

No cards on the table
Cards in hand:1)9♦ 2)Q♠ 3)10♦ 4)4♦ 
Choose a card to play (1-4):
> 1

1 cards on the table, and the top card is 9♦
4♣ 6♥ J♥
Computer plays J♥

2 cards on the table, and the top card is J♥
Cards in hand:1)Q♠ 2)10♦ 3)4♦ 
Choose a card to play (1-3):
> 2

3 cards on the table, and the top card is 10♦
4♣ 6♥
Computer plays 4♣

4 cards on the table, and the top card is 4♣
Cards in hand:1)Q♠ 2)4♦ 
Choose a card to play (1-2):
> 1

5 cards on the table, and the top card is Q♠
6♥
Computer plays 6♥

6 cards on the table, and the top card is 6♥
Cards in hand:1)4♦ 
Choose a card to play (1-1):
> 1

7 cards on the table, and the top card is 4♦
Q♣ 10♠ 4♠ 7♥ A♣ 4♥
Computer plays 4♥
Computer wins cards
Score: Player 2 - Computer 9
Cards: Player 3 - Computer 26

No cards on the table
Cards in hand:1)7♦ 2)8♥ 3)5♠ 4)J♣ 5)10♥ 6)5♦ 
Choose a card to play (1-6):
> 2

1 cards on the table, and the top card is 8♥
Q♣ 10♠ 4♠ 7♥ A♣
Computer plays 7♥
Computer wins cards
Score: Player 2 - Computer 9
Cards: Player 3 - Computer 28

No cards on the table
Cards in hand:1)7♦ 2)5♠ 3)J♣ 4)10♥ 5)5♦ 
Choose a card to play (1-5):
> 1

1 cards on the table, and the top card is 7♦
Q♣ 10♠ 4♠ A♣
Computer plays A♣

2 cards on the table, and the top card is A♣
Cards in hand:1)5♠ 2)J♣ 3)10♥ 4)5♦ 
Choose a card to play (1-4):
> 1

3 cards on the table, and the top card is 5♠
Q♣ 10♠ 4♠
Computer plays 4♠
Computer wins cards
Score: Player 2 - Computer 10
Cards: Player 3 - Computer 32

No cards on the table
Cards in hand:1)J♣ 2)10♥ 3)5♦ 
Choose a card to play (1-3):
> 1

1 cards on the table, and the top card is J♣
Q♣ 10♠
Computer plays Q♣
Computer wins cards
Score: Player 2 - Computer 12
Cards: Player 3 - Computer 34

No cards on the table
Cards in hand:1)10♥ 2)5♦ 
Choose a card to play (1-2):
> 1

1 cards on the table, and the top card is 10♥
10♠
Computer plays 10♠
Computer wins cards
Score: Player 2 - Computer 14
Cards: Player 3 - Computer 36

No cards on the table
Cards in hand:1)5♦ 
Choose a card to play (1-1):
> 1

1 cards on the table, and the top card is 5♦
K♠ 9♠ K♦ 5♥ 5♣ 2♣
Computer plays 5♣
Computer wins cards
Score: Player 2 - Computer 14
Cards: Player 3 - Computer 38

No cards on the table
Cards in hand:1)A♥ 2)7♠ 3)Q♥ 4)9♥ 5)3♣ 6)3♦ 
Choose a card to play (1-6):
> 1

1 cards on the table, and the top card is A♥
K♠ 9♠ K♦ 5♥ 2♣
Computer plays 5♥
Computer wins cards
Score: Player 2 - Computer 15
Cards: Player 3 - Computer 40

No cards on the table
Cards in hand:1)7♠ 2)Q♥ 3)9♥ 4)3♣ 5)3♦ 
Choose a card to play (1-5):
> 2

1 cards on the table, and the top card is Q♥
K♠ 9♠ K♦ 2♣
Computer plays 9♠

2 cards on the table, and the top card is 9♠
Cards in hand:1)7♠ 2)9♥ 3)3♣ 4)3♦ 
Choose a card to play (1-4):
> 3

3 cards on the table, and the top card is 3♣
K♠ K♦ 2♣
Computer plays 2♣
Computer wins cards
Score: Player 2 - Computer 16
Cards: Player 3 - Computer 44

No cards on the table
Cards in hand:1)7♠ 2)9♥ 3)3♦ 
Choose a card to play (1-3):
> 1

1 cards on the table, and the top card is 7♠
K♠ K♦
Computer plays K♠
Computer wins cards
Score: Player 2 - Computer 17
Cards: Player 3 - Computer 46

No cards on the table
Cards in hand:1)9♥ 2)3♦ 
Choose a card to play (1-2):
> 1

1 cards on the table, and the top card is 9♥
K♦
Computer plays K♦

2 cards on the table, and the top card is K♦
Cards in hand:1)3♦ 
Choose a card to play (1-1):
> 1
Player wins cards
Score: Player 3 - Computer 17
Cards: Player 6 - Computer 46

No cards on the table
Score: Player 3 - Computer 20
Cards: Player 6 - Computer 46
Game Over
Indigo Card Game
Play first?
> no
Initial cards on the table: 10♥ 4♠ 6♥ 3♥ 

4 cards on the table, and the top card is 3♥
9♠ 10♠ A♣ 7♠ 9♥ K♣
Computer plays 9♥
Computer wins cards
Score: Player 0 - Computer 1
Cards: Player 0 - Computer 5

No cards on the table
Cards in hand:1)6♦ 2)7♣ 3)5♥ 4)8♥ 5)2♣ 6)10♦ 
Choose a card to play (1-6):
> 3

1 cards on the table, and the top card is 5♥
9♠ 10♠ A♣ 7♠ K♣
Computer plays 9♠

2 cards on the table, and the top card is 9♠
Cards in hand:1)6♦ 2)7♣ 3)8♥ 4)2♣ 5)10♦ 
Choose a card to play (1-5):
> 1

3 cards on the table, and the top card is 6♦
10♠ A♣ 7♠ K♣
Computer plays K♣

4 cards on the table, and the top card is K♣
Cards in hand:1)7♣ 2)8♥ 3)2♣ 4)10♦ 
Choose a card to play (1-4):
> 1
Player wins cards
Score: Player 1 - Computer 1
Cards: Player 5 - Computer 5

No cards on the table
10♠ A♣ 7♠
Computer plays 10♠

1 cards on the table, and the top card is 10♠
Cards in hand:1)8♥ 2)2♣ 3)10♦ 
Choose a card to play (1-3):
> 1

2 cards on the table, and the top card is 8♥
A♣ 7♠
Computer plays A♣

3 cards on the table, and the top card is A♣
Cards in hand:1)2♣ 2)10♦ 
Choose a card to play (1-2):
> 1
Player wins cards
Score: Player 3 - Computer 1
Cards: Player 9 - Computer 5

No cards on the table
7♠
Computer plays 7♠

1 cards on the table, and the top card is 7♠
Cards in hand:1)10♦ 
Choose a card to play (1-1):
> 1

2 cards on the table, and the top card is 10♦
9♦ 10♣ Q♣ K♠ 5♣ 2♥
Computer plays 9♦
Computer wins cards
Score: Player 3 - Computer 2
Cards: Player 9 - Computer 8

No cards on the table
Cards in hand:1)8♣ 2)4♣ 3)5♠ 4)K♥ 5)J♥ 6)Q♠ 
Choose a card to play (1-6):
> 3

1 cards on the table, and the top card is 5♠
10♣ Q♣ K♠ 5♣ 2♥
Computer plays K♠
Computer wins cards
Score: Player 3 - Computer 3
Cards: Player 9 - Computer 10

No cards on the table
Cards in hand:1)8♣ 2)4♣ 3)K♥ 4)J♥ 5)Q♠ 
Choose a card to play (1-5):
> 3

1 cards on the table, and the top card is K♥
10♣ Q♣ 5♣ 2♥
Computer plays 2♥
Computer wins cards
Score: Player 3 - Computer 4
Cards: Player 9 - Computer 12

No cards on the table
Cards in hand:1)8♣ 2)4♣ 3)J♥ 4)Q♠ 
Choose a card to play (1-4):
> 1

1 cards on the table, and the top card is 8♣
10♣ Q♣ 5♣
Computer plays Q♣
Computer wins cards
Score: Player 3 - Computer 5
Cards: Player 9 - Computer 14

No cards on the table
Cards in hand:1)4♣ 2)J♥ 3)Q♠ 
Choose a card to play (1-3):
> 1

1 cards on the table, and the top card is 4♣
10♣ 5♣
Computer plays 5♣
Computer wins cards
Score: Player 3 - Computer 5
Cards: Player 9 - Computer 16

No cards on the table
Cards in hand:1)J♥ 2)Q♠ 
Choose a card to play (1-2):
> 1

1 cards on the table, and the top card is J♥
10♣
Computer plays 10♣

2 cards on the table, and the top card is 10♣
Cards in hand:1)Q♠ 
Choose a card to play (1-1):
> 1

3 cards on the table, and the top card is Q♠
2♦ 3♣ 6♠ 5♦ K♦ 8♠
Computer plays 8♠
Computer wins cards
Score: Player 3 - Computer 8
Cards: Player 9 - Computer 20

No cards on the table
Cards in hand:1)A♦ 2)3♦ 3)A♥ 4)J♣ 5)Q♦ 6)Q♥ 
Choose a card to play (1-6):
> 3

1 cards on the table, and the top card is A♥
2♦ 3♣ 6♠ 5♦ K♦
Computer plays K♦

2 cards on the table, and the top card is K♦
Cards in hand:1)A♦ 2)3♦ 3)J♣ 4)Q♦ 5)Q♥ 
Choose a card to play (1-5):
> 1
Player wins cards
Score: Player 6 - Computer 8
Cards: Player 12 - Computer 20

No cards on the table
2♦ 3♣ 6♠ 5♦
Computer plays 2♦

1 cards on the table, and the top card is 2♦
Cards in hand:1)3♦ 2)J♣ 3)Q♦ 4)Q♥ 
Choose a card to play (1-4):
> 1
Player wins cards
Score: Player 6 - Computer 8
Cards: Player 14 - Computer 20

No cards on the table
3♣ 6♠ 5♦
Computer plays 6♠

1 cards on the table, and the top card is 6♠
Cards in hand:1)J♣ 2)Q♦ 3)Q♥ 
Choose a card to play (1-3):
> 2

2 cards on the table, and the top card is Q♦
3♣ 5♦
Computer plays 5♦
Computer wins cards
Score: Player 6 - Computer 9
Cards: Player 14 - Computer 23

No cards on the table
Cards in hand:1)J♣ 2)Q♥ 
Choose a card to play (1-2):
> 1

1 cards on the table, and the top card is J♣
3♣
Computer plays 3♣
Computer wins cards
Score: Player 6 - Computer 10
Cards: Player 14 - Computer 25

No cards on the table
Cards in hand:1)Q♥ 
Choose a card to play (1-1):
> 1

1 cards on the table, and the top card is Q♥
2♠ 4♦ 3♠ 9♣ 4♥ 7♦
Computer plays 4♥
Computer wins cards
Score: Player 6 - Computer 11
Cards: Player 14 - Computer 27

No cards on the table
Cards in hand:1)6♣ 2)7♥ 3)J♦ 4)A♠ 5)8♦ 6)J♠ 
Choose a card to play (1-6):
> 4

1 cards on the table, and the top card is A♠
2♠ 4♦ 3♠ 9♣ 7♦
Computer plays 3♠
Computer wins cards
Score: Player 6 - Computer 12
Cards: Player 14 - Computer 29

No cards on the table
Cards in hand:1)6♣ 2)7♥ 3)J♦ 4)8♦ 5)J♠ 
Choose a card to play (1-5):
> 3

1 cards on the table, and the top card is J♦
2♠ 4♦ 9♣ 7♦
Computer plays 7♦
Computer wins cards
Score: Player 6 - Computer 13
Cards: Player 14 - Computer 31

No cards on the table
Cards in hand:1)6♣ 2)7♥ 3)8♦ 4)J♠ 
Choose a card to play (1-4):
> 1

1 cards on the table, and the top card is 6♣
2♠ 4♦ 9♣
Computer plays 9♣
Computer wins cards
Score: Player 6 - Computer 13
Cards: Player 14 - Computer 33

No cards on the table
Cards in hand:1)7♥ 2)8♦ 3)J♠ 
Choose a card to play (1-3):
> 1

1 cards on the table, and the top card is 7♥
2♠ 4♦
Computer plays 2♠

2 cards on the table, and the top card is 2♠
Cards in hand:1)8♦ 2)J♠ 
Choose a card to play (1-2):
> 1

3 cards on the table, and the top card is 8♦
4♦
Computer plays 4♦
Computer wins cards
Score: Player 6 - Computer 13
Cards: Player 14 - Computer 37

No cards on the table
Cards in hand:1)J♠ 
Choose a card to play (1-1):
> 1

1 cards on the table, and the top card is J♠
Score: Player 6 - Computer 17
Cards: Player 14 - Computer 38
Game Over
Indigo Card Game
Play first?
> no
Initial cards on the table: 9♥ K♠ 7♠ 6♦ 

4 cards on the table, and the top card is 6♦
5♥ 10♦ J♦ 5♠ 9♣ 2♦
Computer plays J♦
Computer wins cards
Score: Player 0 - Computer 2
Cards: Player 0 - Computer 5

No cards on the table
Cards in hand:1)9♠ 2)5♣ 3)K♣ 4)J♥ 5)9♦ 6)7♥ 
Choose a card to play (1-6):
> 4

1 cards on the table, and the top card is J♥
5♥ 10♦ 5♠ 9♣ 2♦
Computer plays 5♥
Computer wins cards
Score: Player 0 - Computer 3
Cards: Player 0 - Computer 7

No cards on the table
Cards in hand:1)9♠ 2)5♣ 3)K♣ 4)9♦ 5)7♥ 
Choose a card to play (1-5):
> 2

1 cards on the table, and the top card is 5♣
10♦ 5♠ 9♣ 2♦
Computer plays 5♠
Computer wins cards
Score: Player 0 - Computer 3
Cards: Player 0 - Computer 9

No cards on the table
Cards in hand:1)9♠ 2)K♣ 3)9♦ 4)7♥ 
Choose a card to play (1-4):
> 1

1 cards on the table, and the top card is 9♠
10♦ 9♣ 2♦
Computer plays 9♣
Computer wins cards
Score: Player 0 - Computer 3
Cards: Player 0 - Computer 11

No cards on the table
Cards in hand:1)K♣ 2)9♦ 3)7♥ 
Choose a card to play (1-3):
> 1

1 cards on the table, and the top card is K♣
10♦ 2♦
Computer plays 2♦

2 cards on the table, and the top card is 2♦
Cards in hand:1)9♦ 2)7♥ 
Choose a card to play (1-2):
> 1
Player wins cards
Score: Player 1 - Computer 3
Cards: Player 3 - Computer 11

No cards on the table
10♦
Computer plays 10♦

1 cards on the table, and the top card is 10♦
Cards in hand:1)7♥ 
Choose a card to play (1-1):
> 1

2 cards on the table, and the top card is 7♥
A♣ 3♣ 8♠ 10♥ 7♣ A♠
Computer plays 10♥
Computer wins cards
Score: Player 1 - Computer 5
Cards: Player 3 - Computer 14

No cards on the table
Cards in hand:1)A♥ 2)8♣ 3)8♦ 4)5♦ 5)3♦ 6)Q♣ 
Choose a card to play (1-6):
> 3

1 cards on the table, and the top card is 8♦
A♣ 3♣ 8♠ 7♣ A♠
Computer plays 8♠
Computer wins cards
Score: Player 1 - Computer 5
Cards: Player 3 - Computer 16

No cards on the table
Cards in hand:1)A♥ 2)8♣ 3)5♦ 4)3♦ 5)Q♣ 
Choose a card to play (1-5):
> 3

1 cards on the table, and the top card is 5♦
A♣ 3♣ 7♣ A♠
Computer plays 7♣

2 cards on the table, and the top card is 7♣
Cards in hand:1)A♥ 2)8♣ 3)3♦ 4)Q♣ 
Choose a card to play (1-4):
> 2
Player wins cards
Score: Player 1 - Computer 5
Cards: Player 6 - Computer 16

No cards on the table
A♣ 3♣ A♠
Computer plays A♣

1 cards on the table, and the top card is A♣
Cards in hand:1)A♥ 2)3♦ 3)Q♣ 
Choose a card to play (1-3):
> 1
Player wins cards
Score: Player 3 - Computer 5
Cards: Player 8 - Computer 16

No cards on the table
3♣ A♠
Computer plays 3♣

1 cards on the table, and the top card is 3♣
Cards in hand:1)3♦ 2)Q♣ 
Choose a card to play (1-2):
> 1
Player wins cards
Score: Player 3 - Computer 5
Cards: Player 10 - Computer 16

No cards on the table
A♠
Computer plays A♠

1 cards on the table, and the top card is A♠
Cards in hand:1)Q♣ 
Choose a card to play (1-1):
> 1

2 cards on the table, and the top card is Q♣
10♠ 10♣ K♦ 4♦ K♥ Q♦
Computer plays 10♣
Computer wins cards
Score: Player 3 - Computer 8
Cards: Player 10 - Computer 19

No cards on the table
Cards in hand:1)J♠ 2)2♣ 3)3♠ 4)2♠ 5)4♥ 6)6♣ 
Choose a card to play (1-6):
> 1

1 cards on the table, and the top card is J♠
10♠ K♦ 4♦ K♥ Q♦
Computer plays 10♠
Computer wins cards
Score: Player 3 - Computer 10
Cards: Player 10 - Computer 21

No cards on the table
Cards in hand:1)2♣ 2)3♠ 3)2♠ 4)4♥ 5)6♣ 
Choose a card to play (1-5):
> 2

1 cards on the table, and the top card is 3♠
K♦ 4♦ K♥ Q♦
Computer plays Q♦

2 cards on the table, and the top card is Q♦
Cards in hand:1)2♣ 2)2♠ 3)4♥ 4)6♣ 
Choose a card to play (1-4):
> 1

3 cards on the table, and the top card is 2♣
K♦ 4♦ K♥
Computer plays 4♦

4 cards on the table, and the top card is 4♦
Cards in hand:1)2♠ 2)4♥ 3)6♣ 
Choose a card to play (1-3):
> 1

5 cards on the table, and the top card is 2♠
K♦ K♥
Computer plays K♥

6 cards on the table, and the top card is K♥
Cards in hand:1)4♥ 2)6♣ 
Choose a card to play (1-2):
> 1
Player wins cards
Score: Player 5 - Computer 10
Cards: Player 17 - Computer 21

No cards on the table
K♦
Computer plays K♦

1 cards on the table, and the top card is K♦
Cards in hand:1)6♣ 
Choose a card to play (1-1):
> 1

2 cards on the table, and the top card is 6♣
8♥ A♦ J♣ 2♥ 4♣ 6♥
Computer plays 4♣
Computer wins cards
Score: Player 5 - Computer 11
Cards: Player 17 - Computer 24

No cards on the table
Cards in hand:1)4♠ 2)Q♠ 3)Q♥ 4)3♥ 5)7♦ 6)6♠ 
Choose a card to play (1-6):
> 1

1 cards on the table, and the top card is 4♠
8♥ A♦ J♣ 2♥ 6♥
Computer plays 6♥

2 cards on the table, and the top card is 6♥
Cards in hand:1)Q♠ 2)Q♥ 3)3♥ 4)7♦ 5)6♠ 
Choose a card to play (1-5):
> 1

3 cards on the table, and the top card is Q♠
8♥ A♦ J♣ 2♥
Computer plays 2♥

4 cards on the table, and the top card is 2♥
Cards in hand:1)Q♥ 2)3♥ 3)7♦ 4)6♠ 
Choose a card to play (1-4):
> 1
Player wins cards
Score: Player 7 - Computer 11
Cards: Player 22 - Computer 24

No cards on the table
8♥ A♦ J♣
Computer plays A♦

1 cards on the table, and the top card is A♦
Cards in hand:1)3♥ 2)7♦ 3)6♠ 
Choose a card to play (1-3):
> 1

2 cards on the table, and the top card is 3♥
8♥ J♣
Computer plays 8♥
Computer wins cards
Score: Player 7 - Computer 12
Cards: Player 22 - Computer 27

No cards on the table
Cards in hand:1)7♦ 2)6♠ 
Choose a card to play (1-2):
> 1

1 cards on the table, and the top card is 7♦
J♣
Computer plays J♣

2 cards on the table, and the top card is J♣
Cards in hand:1)6♠ 
Choose a card to play (1-1):
> 1

3 cards on the table, and the top card is 6♠
Score: Player 7 - Computer 16
Cards: Player 22 - Computer 30
Game Over
Indigo Card Game
Play first?
> no
Initial cards on the table: 9♣ 4♦ 5♠ 9♦ 

4 cards on the table, and the top card is 9♦
2♠ 8♣ 7♦ 3♠ 5♦ 6♣
Computer plays 5♦
Computer wins cards
Score: Player 0 - Computer 0
Cards: Player 0 - Computer 5

No cards on the table
Cards in hand:1)8♦ 2)K♦ 3)10♣ 4)10♥ 5)J♣ 6)10♠ 
Choose a card to play (1-6):
> 1

1 cards on the table, and the top card is 8♦
2♠ 8♣ 7♦ 3♠ 6♣
Computer plays 8♣
Computer wins cards
Score: Player 0 - Computer 0
Cards: Player 0 - Computer 7

No cards on the table
Cards in hand:1)K♦ 2)10♣ 3)10♥ 4)J♣ 5)10♠ 
Choose a card to play (1-5):
> 2

1 cards on the table, and the top card is 10♣
2♠ 7♦ 3♠ 6♣
Computer plays 6♣
Computer wins cards
Score: Player 0 - Computer 1
Cards: Player 0 - Computer 9

No cards on the table
Cards in hand:1)K♦ 2)10♥ 3)J♣ 4)10♠ 
Choose a card to play (1-4):
> 2

1 cards on the table, and the top card is 10♥
2♠ 7♦ 3♠
Computer plays 3♠

2 cards on the table, and the top card is 3♠
Cards in hand:1)K♦ 2)J♣ 3)10♠ 
Choose a card to play (1-3):
> 1

3 cards on the table, and the top card is K♦
2♠ 7♦
Computer plays 7♦
Computer wins cards
Score: Player 0 - Computer 3
Cards: Player 0 - Computer 13

No cards on the table
Cards in hand:1)J♣ 2)10♠ 
Choose a card to play (1-2):
> 1

1 cards on the table, and the top card is J♣
2♠
Computer plays 2♠

2 cards on the table, and the top card is 2♠
Cards in hand:1)10♠ 
Choose a card to play (1-1):
> 1
Player wins cards
Score: Player 2 - Computer 3
Cards: Player 3 - Computer 13

No cards on the table
J♦ K♠ J♥ 10♦ K♥ A♠
Computer plays J♦

1 cards on the table, and the top card is J♦
Cards in hand:1)2♥ 2)2♣ 3)7♣ 4)6♥ 5)3♥ 6)Q♦ 
Choose a card to play (1-6):
> 1

2 cards on the table, and the top card is 2♥
K♠ J♥ 10♦ K♥ A♠
Computer plays K♥
Computer wins cards
Score: Player 2 - Computer 5
Cards: Player 3 - Computer 16

No cards on the table
Cards in hand:1)2♣ 2)7♣ 3)6♥ 4)3♥ 5)Q♦ 
Choose a card to play (1-5):
> 3

1 cards on the table, and the top card is 6♥
K♠ J♥ 10♦ A♠
Computer plays J♥
Computer wins cards
Score: Player 2 - Computer 6
Cards: Player 3 - Computer 18

No cards on the table
Cards in hand:1)2♣ 2)7♣ 3)3♥ 4)Q♦ 
Choose a card to play (1-4):
> 1

1 cards on the table, and the top card is 2♣
K♠ 10♦ A♠
Computer plays A♠

2 cards on the table, and the top card is A♠
Cards in hand:1)7♣ 2)3♥ 3)Q♦ 
Choose a card to play (1-3):
> 1

3 cards on the table, and the top card is 7♣
K♠ 10♦
Computer plays K♠

4 cards on the table, and the top card is K♠
Cards in hand:1)3♥ 2)Q♦ 
Choose a card to play (1-2):
> 1

5 cards on the table, and the top card is 3♥
10♦
Computer plays 10♦

6 cards on the table, and the top card is 10♦
Cards in hand:1)Q♦ 
Choose a card to play (1-1):
> 1
Player wins cards
Score: Player 6 - Computer 6
Cards: Player 10 - Computer 18

No cards on the table
Q♣ A♦ K♣ 4♣ 9♠ A♥
Computer plays 4♣

1 cards on the table, and the top card is 4♣
Cards in hand:1)9♥ 2)3♣ 3)5♥ 4)4♥ 5)Q♥ 6)3♦ 
Choose a card to play (1-6):
> 1

2 cards on the table, and the top card is 9♥
Q♣ A♦ K♣ 9♠ A♥
Computer plays 9♠
Computer wins cards
Score: Player 6 - Computer 6
Cards: Player 10 - Computer 21

No cards on the table
Cards in hand:1)3♣ 2)5♥ 3)4♥ 4)Q♥ 5)3♦ 
Choose a card to play (1-5):
> 2

1 cards on the table, and the top card is 5♥
Q♣ A♦ K♣ A♥
Computer plays A♥
Computer wins cards
Score: Player 6 - Computer 7
Cards: Player 10 - Computer 23

No cards on the table
Cards in hand:1)3♣ 2)4♥ 3)Q♥ 4)3♦ 
Choose a card to play (1-4):
> 2

1 cards on the table, and the top card is 4♥
Q♣ A♦ K♣
Computer plays K♣

2 cards on the table, and the top card is K♣
Cards in hand:1)3♣ 2)Q♥ 3)3♦ 
Choose a card to play (1-3):
> 1
Player wins cards
Score: Player 7 - Computer 7
Cards: Player 13 - Computer 23

No cards on the table
Q♣ A♦
Computer plays Q♣

1 cards on the table, and the top card is Q♣
Cards in hand:1)Q♥ 2)3♦ 
Choose a card to play (1-2):
> 1
Player wins cards
Score: Player 9 - Computer 7
Cards: Player 15 - Computer 23

No cards on the table
A♦
Computer plays A♦

1 cards on the table, and the top card is A♦
Cards in hand:1)3♦ 
Choose a card to play (1-1):
> 1
Player wins cards
Score: Player 10 - Computer 7
Cards: Player 17 - Computer 23

No cards on the table
2♦ 6♠ 7♥ 4♠ 6♦ 8♠
Computer plays 4♠

1 cards on the table, and the top card is 4♠
Cards in hand:1)8♥ 2)Q♠ 3)5♣ 4)7♠ 5)J♠ 6)A♣ 
Choose a card to play (1-6):
> 2
Player wins cards
Score: Player 11 - Computer 7
Cards: Player 19 - Computer 23

No cards on the table
2♦ 6♠ 7♥ 6♦ 8♠
Computer plays 6♠

1 cards on the table, and the top card is 6♠
Cards in hand:1)8♥ 2)5♣ 3)7♠ 4)J♠ 5)A♣ 
Choose a card to play (1-5):
> 3
Player wins cards
Score: Player 11 - Computer 7
Cards: Player 21 - Computer 23

No cards on the table
2♦ 7♥ 6♦ 8♠
Computer plays 2♦

1 cards on the table, and the top card is 2♦
Cards in hand:1)8♥ 2)5♣ 3)J♠ 4)A♣ 
Choose a card to play (1-4):
> 2

2 cards on the table, and the top card is 5♣
7♥ 6♦ 8♠
Computer plays 7♥

3 cards on the table, and the top card is 7♥
Cards in hand:1)8♥ 2)J♠ 3)A♣ 
Choose a card to play (1-3):
> 1
Player wins cards
Score: Player 11 - Computer 7
Cards: Player 25 - Computer 23

No cards on the table
6♦ 8♠
Computer plays 6♦

1 cards on the table, and the top card is 6♦
Cards in hand:1)J♠ 2)A♣ 
Choose a card to play (1-2):
> 1

2 cards on the table, and the top card is J♠
8♠
Computer plays 8♠
Computer wins cards
Score: Player 11 - Computer 8
Cards: Player 25 - Computer 26

No cards on the table
Cards in hand:1)A♣ 
Choose a card to play (1-1):
> 1

1 cards on the table, and the top card is A♣
Score: Player 11 - Computer 12
Cards: Player 25 - Computer 27
Game Over
Indigo Card Game
Play first?
> no
Initial cards on the table: 10♣ 5♥ 6♦ A♣ 

4 cards on the table, and the top card is A♣
J♦ 9♣ 10♦ 10♥ 6♠ A♠
Computer plays 9♣
Computer wins cards
Score: Player 0 - Computer 2
Cards: Player 0 - Computer 5

No cards on the table
Cards in hand:1)4♦ 2)4♣ 3)J♠ 4)2♥ 5)6♥ 6)8♠ 
Choose a card to play (1-6):
> 3

1 cards on the table, and the top card is J♠
J♦ 10♦ 10♥ 6♠ A♠
Computer plays A♠
Computer wins cards
Score: Player 0 - Computer 4
Cards: Player 0 - Computer 7

No cards on the table
Cards in hand:1)4♦ 2)4♣ 3)2♥ 4)6♥ 5)8♠ 
Choose a card to play (1-5):
> 3

1 cards on the table, and the top card is 2♥
J♦ 10♦ 10♥ 6♠
Computer plays 10♥
Computer wins cards
Score: Player 0 - Computer 5
Cards: Player 0 - Computer 9

No cards on the table
Cards in hand:1)4♦ 2)4♣ 3)6♥ 4)8♠ 
Choose a card to play (1-4):
> 1

1 cards on the table, and the top card is 4♦
J♦ 10♦ 6♠
Computer plays 10♦
Computer wins cards
Score: Player 0 - Computer 6
Cards: Player 0 - Computer 11

No cards on the table
Cards in hand:1)4♣ 2)6♥ 3)8♠ 
Choose a card to play (1-3):
> 1

1 cards on the table, and the top card is 4♣
J♦ 6♠
Computer plays J♦

2 cards on the table, and the top card is J♦
Cards in hand:1)6♥ 2)8♠ 
Choose a card to play (1-2):
> 1

3 cards on the table, and the top card is 6♥
6♠
Computer plays 6♠
Computer wins cards
Score: Player 0 - Computer 7
Cards: Player 0 - Computer 15

No cards on the table
Cards in hand:1)8♠ 
Choose a card to play (1-1):
> 1

1 cards on the table, and the top card is 8♠
K♥ 3♠ K♠ 4♥ Q♣ 7♥
Computer plays K♠
Computer wins cards
Score: Player 0 - Computer 8
Cards: Player 0 - Computer 17

No cards on the table
Cards in hand:1)9♠ 2)3♦ 3)6♣ 4)Q♥ 5)Q♦ 6)2♣ 
Choose a card to play (1-6):
> 2

1 cards on the table, and the top card is 3♦
K♥ 3♠ 4♥ Q♣ 7♥
Computer plays 3♠
Computer wins cards
Score: Player 0 - Computer 8
Cards: Player 0 - Computer 19

No cards on the table
Cards in hand:1)9♠ 2)6♣ 3)Q♥ 4)Q♦ 5)2♣ 
Choose a card to play (1-5):
> 2

1 cards on the table, and the top card is 6♣
K♥ 4♥ Q♣ 7♥
Computer plays Q♣
Computer wins cards
Score: Player 0 - Computer 9
Cards: Player 0 - Computer 21

No cards on the table
Cards in hand:1)9♠ 2)Q♥ 3)Q♦ 4)2♣ 
Choose a card to play (1-4):
> 2

1 cards on the table, and the top card is Q♥
K♥ 4♥ 7♥
Computer plays 4♥
Computer wins cards
Score: Player 0 - Computer 10
Cards: Player 0 - Computer 23

No cards on the table
Cards in hand:1)9♠ 2)Q♦ 3)2♣ 
Choose a card to play (1-3):
> 1

1 cards on the table, and the top card is 9♠
K♥ 7♥
Computer plays 7♥

2 cards on the table, and the top card is 7♥
Cards in hand:1)Q♦ 2)2♣ 
Choose a card to play (1-2):
> 1

3 cards on the table, and the top card is Q♦
K♥
Computer plays K♥

4 cards on the table, and the top card is K♥
Cards in hand:1)2♣ 
Choose a card to play (1-1):
> 1

5 cards on the table, and the top card is 2♣
7♦ A♥ Q♠ 2♠ A♦ 8♦
Computer plays 2♠
Computer wins cards
Score: Player 0 - Computer 12
Cards: Player 0 - Computer 29

No cards on the table
Cards in hand:1)9♦ 2)9♥ 3)10♠ 4)3♥ 5)2♦ 6)8♥ 
Choose a card to play (1-6):
> 2

1 cards on the table, and the top card is 9♥
7♦ A♥ Q♠ A♦ 8♦
Computer plays A♥
Computer wins cards
Score: Player 0 - Computer 13
Cards: Player 0 - Computer 31

No cards on the table
Cards in hand:1)9♦ 2)10♠ 3)3♥ 4)2♦ 5)8♥ 
Choose a card to play (1-5):
> 3

1 cards on the table, and the top card is 3♥
7♦ Q♠ A♦ 8♦
Computer plays A♦

2 cards on the table, and the top card is A♦
Cards in hand:1)9♦ 2)10♠ 3)2♦ 4)8♥ 
Choose a card to play (1-4):
> 1
Player wins cards
Score: Player 1 - Computer 13
Cards: Player 3 - Computer 31

No cards on the table
7♦ Q♠ 8♦
Computer plays 7♦

1 cards on the table, and the top card is 7♦
Cards in hand:1)10♠ 2)2♦ 3)8♥ 
Choose a card to play (1-3):
> 1

2 cards on the table, and the top card is 10♠
Q♠ 8♦
Computer plays Q♠
Computer wins cards
Score: Player 1 - Computer 15
Cards: Player 3 - Computer 34

No cards on the table
Cards in hand:1)2♦ 2)8♥ 
Choose a card to play (1-2):
> 1

1 cards on the table, and the top card is 2♦
8♦
Computer plays 8♦
Computer wins cards
Score: Player 1 - Computer 15
Cards: Player 3 - Computer 36

No cards on the table
Cards in hand:1)8♥ 
Choose a card to play (1-1):
> 1

1 cards on the table, and the top card is 8♥
3♣ 7♣ 5♣ 5♦ 8♣ 7♠
Computer plays 8♣
Computer wins cards
Score: Player 1 - Computer 15
Cards: Player 3 - Computer 38

No cards on the table
Cards in hand:1)J♣ 2)K♣ 3)J♥ 4)K♦ 5)4♠ 6)5♠ 
Choose a card to play (1-6):
> 5

1 cards on the table, and the top card is 4♠
3♣ 7♣ 5♣ 5♦ 7♠
Computer plays 7♠
Computer wins cards
Score: Player 1 - Computer 15
Cards: Player 3 - Computer 40

No cards on the table
Cards in hand:1)J♣ 2)K♣ 3)J♥ 4)K♦ 5)5♠ 
Choose a card to play (1-5):
> 1

1 cards on the table, and the top card is J♣
3♣ 7♣ 5♣ 5♦
Computer plays 5♣
Computer wins cards
Score: Player 1 - Computer 16
Cards: Player 3 - Computer 42

No cards on the table
Cards in hand:1)K♣ 2)J♥ 3)K♦ 4)5♠ 
Choose a card to play (1-4):
> 1

1 cards on the table, and the top card is K♣
3♣ 7♣ 5♦
Computer plays 7♣
Computer wins cards
Score: Player 1 - Computer 17
Cards: Player 3 - Computer 44

No cards on the table
Cards in hand:1)J♥ 2)K♦ 3)5♠ 
Choose a card to play (1-3):
> 1

1 cards on the table, and the top card is J♥
3♣ 5♦
Computer plays 3♣

2 cards on the table, and the top card is 3♣
Cards in hand:1)K♦ 2)5♠ 
Choose a card to play (1-2):
> 1

3 cards on the table, and the top card is K♦
5♦
Computer plays 5♦
Computer wins cards
Score: Player 1 - Computer 19
Cards: Player 3 - Computer 48

No cards on the table
Cards in hand:1)5♠ 
Choose a card to play (1-1):
> 1

1 cards on the table, and the top card is 5♠
Score: Player 1 - Computer 22
Cards: Player 3 - Computer 49
Game Over
?[1;31m
Start test 4?[0m
Indigo Card Game
Play first?
> yes
Initial cards on the table: 5♠ 4♦ 9♠ 10♠ 

4 cards on the table, and the top card is 10♠
Cards in hand:1)A♠ 2)10♥ 3)A♥ 4)J♥ 5)Q♦ 6)2♣ 
Choose a card to play (1-6):
> 0
Choose a card to play (1-6):
> 7
Choose a card to play (1-6):
> One
Choose a card to play (1-6):
> exit
Game Over
]]></system-out>
  <system-err><![CDATA[]]></system-err>
</testsuite>
